INFO:root:Création d'une instance de la Classe Liste
INFO:root:Ajout dans la liste
INFO:root:Ajout dans la liste
INFO:root:Ajout dans la liste
INFO:root:Suppression d'un article dans la liste
INFO:root:Affichage de la liste
INFO:root:Enregistrement de la liste dans fichier
2024-09-23 10:32:00,245 - INFO - Création d'une instance de la Classe Liste
2024-09-23 10:32:18,329 - INFO - Ajout dans la liste
2024-09-23 10:32:22,740 - INFO - Ajout dans la liste
2024-09-23 10:32:29,234 - INFO - Ajout dans la liste
2024-09-23 10:32:30,941 - INFO - Affichage de la liste
2024-09-23 10:32:32,878 - INFO - Enregistrement de la liste dans fichier
2024-09-23 10:59:05,086 - INFO - Création d'une instance de la Classe Liste
2024-09-23 10:59:09,991 - INFO - Ajout dans la liste
2024-09-23 11:04:29,937 - INFO - Affichage de la liste
2024-09-23 11:05:05,440 - INFO - Enregistrement de la liste dans fichier
2024-09-23 11:06:49,006 - INFO - Création d'une instance de la Classe Liste
2024-09-23 11:07:22,242 - INFO - Ajout dans la liste
2024-09-23 11:07:33,447 - INFO - Ajout dans la liste
2024-09-23 11:07:39,853 - INFO - Ajout dans la liste
2024-09-23 11:07:48,135 - INFO - Ajout dans la liste
2024-09-23 11:10:20,567 - INFO - Affichage de la liste
2024-09-23 11:10:28,771 - INFO - Enregistrement de la liste dans fichier
2024-09-23 11:10:46,846 - INFO - Création d'une instance de la Classe Liste
2024-09-23 11:10:55,396 - INFO - Affichage de la liste
2024-09-23 11:13:38,296 - INFO - Enregistrement de la liste dans fichier
2024-09-23 11:13:49,619 - INFO - Création d'une instance de la Classe Liste
2024-09-23 11:13:52,206 - INFO - Affichage de la liste
2024-09-23 11:14:04,448 - INFO - Ajout dans la liste
2024-09-23 11:16:06,634 - INFO - Enregistrement de la liste dans fichier
2024-09-23 11:16:12,555 - INFO - Création d'une instance de la Classe Liste
2024-09-23 11:16:15,853 - INFO - Affichage de la liste
2024-09-23 11:16:23,608 - INFO - Suppression d'un article dans la liste
2024-09-23 11:17:01,738 - INFO - Enregistrement de la liste dans fichier
2024-09-23 11:42:53,301 - INFO - Création d'une instance de la Classe Liste
2024-09-23 11:42:55,310 - INFO - Affichage de la liste
2024-09-23 11:43:16,365 - INFO - Ajout dans la liste
2024-09-23 11:43:25,263 - INFO - Suppression d'un article dans la liste
2024-09-23 11:43:31,905 - INFO - Affichage de la liste
2024-09-23 11:43:33,012 - INFO - Enregistrement de la liste dans fichier
2024-09-23 11:43:46,626 - INFO - Création d'une instance de la Classe Liste
2024-09-23 11:44:02,839 - INFO - Ajout dans la liste
2024-09-23 11:46:05,642 - INFO - Enregistrement de la liste dans fichier
2024-09-23 11:46:25,999 - INFO - Création d'une instance de la Classe Liste
2024-09-23 11:46:35,566 - INFO - Enregistrement de la liste dans fichier
2024-09-23 11:47:04,217 - INFO - Création d'une instance de la Classe Liste
2024-09-23 11:47:26,077 - INFO - Affichage de la liste
2024-09-23 11:47:34,974 - INFO - Suppression d'un article dans la liste
2024-09-23 11:47:44,130 - INFO - Ajout dans la liste
2024-09-23 11:47:49,949 - INFO - Enregistrement de la liste dans fichier
